
> locus_hackaton@0.1.0 build
> next build

▲ Next.js 16.2.3 (Turbopack)
- Environments: .env.local

  Creating an optimized production build ...
✓ Compiled successfully in 3.8s
  Running TypeScript ...
  Finished TypeScript in 3.2s ...
  Collecting page data using 7 workers ...
  Generating static pages using 7 workers (0/11) ...
  Generating static pages using 7 workers (2/11) 
  Generating static pages using 7 workers (5/11) 
  Generating static pages using 7 workers (8/11) 
✓ Generating static pages using 7 workers (11/11) in 97ms
  Finalizing page optimization ...

Route (app)
┌ ○ /
├ ○ /_not-found
├ ○ /admin/costs
├ ƒ /api/admin/costs
├ ƒ /api/agent/hire
├ ƒ /api/agent/stats
├ ƒ /api/checkout/create-session
├ ƒ /api/dev/health
├ ƒ /api/dev/simulate-payment
├ ƒ /api/orders
├ ƒ /api/orders/[id]
├ ƒ /api/orders/[id]/decisions
├ ƒ /api/orders/[id]/run-pipeline
├ ƒ /api/orders/[id]/status
├ ƒ /api/reports/[id]
├ ƒ /api/webhooks/locus
├ ƒ /checkout/[orderId]
├ ƒ /order/[orderId]/status
└ ƒ /report/[reportId]


○  (Static)   prerendered as static content
ƒ  (Dynamic)  server-rendered on demand

